#
# There is insufficient memory for the Java Runtime Environment to continue.
# Native memory allocation (malloc) failed to allocate 156432 bytes for Chunk::new
# Possible reasons:
#   The system is out of physical RAM or swap space
#   In 32 bit mode, the process size limit was hit
# Possible solutions:
#   Reduce memory load on the system
#   Increase physical memory or swap space
#   Check if swap backing store is full
#   Use 64 bit Java on a 64 bit OS
#   Decrease Java heap size (-Xmx/-Xms)
#   Decrease number of Java threads
#   Decrease Java thread stack sizes (-Xss)
#   Set larger code cache with -XX:ReservedCodeCacheSize=
# This output file may be truncated or incomplete.
#
#  Out of Memory Error (allocation.cpp:390), pid=4244, tid=2360
#
# JRE version: Java(TM) SE Runtime Environment (8.0_91-b15) (build 1.8.0_91-b15)
# Java VM: Java HotSpot(TM) 64-Bit Server VM (25.91-b15 mixed mode windows-amd64 compressed oops)
# Failed to write core dump. Minidumps are not enabled by default on client versions of Windows
#

---------------  T H R E A D  ---------------

Current thread (0x000000001638c000):  JavaThread "C2 CompilerThread0" daemon [_thread_in_native, id=2360, stack(0x0000000017cb0000,0x0000000017db0000)]

Stack: [0x0000000017cb0000,0x0000000017db0000]
[error occurred during error reporting (printing stack bounds), id 0xc0000005]

Native frames: (J=compiled Java code, j=interpreted, Vv=VM code, C=native code)


Current CompileTask:
C2:   7230 3142   !   4       java.util.jar.Attributes::read (410 bytes)


---------------  P R O C E S S  ---------------

Java Threads: ( => current thread )
  0x000000001d387800 JavaThread "File lock request listener" [_thread_in_native, id=7164, stack(0x000000001f610000,0x000000001f710000)]
  0x00000000191ab800 JavaThread "Stdin handler" [_thread_blocked, id=6552, stack(0x000000001a760000,0x000000001a860000)]
  0x0000000018fea800 JavaThread "Asynchronous log dispatcher for DefaultDaemonConnection: socket connection from /127.0.0.1:60619 to /127.0.0.1:60623" [_thread_blocked, id=1724, stack(0x000000001a660000,0x000000001a760000)]
  0x0000000018fe4000 JavaThread "Daemon worker" [_thread_in_Java, id=3656, stack(0x000000001a560000,0x000000001a660000)]
  0x0000000018fec800 JavaThread "Cancel handler" [_thread_blocked, id=6160, stack(0x000000001a460000,0x000000001a560000)]
  0x000000001917d800 JavaThread "Handler for socket connection from /127.0.0.1:60619 to /127.0.0.1:60623" [_thread_in_native, id=1116, stack(0x000000001a360000,0x000000001a460000)]
  0x00000000192e2800 JavaThread "Daemon" [_thread_blocked, id=5532, stack(0x000000001a260000,0x000000001a360000)]
  0x0000000018ee4800 JavaThread "Incoming local TCP Connector on port 60619" [_thread_in_native, id=4376, stack(0x0000000019c80000,0x0000000019d80000)]
  0x000000001978b800 JavaThread "pool-1-thread-1" [_thread_blocked, id=6376, stack(0x0000000019980000,0x0000000019a80000)]
  0x000000001774b800 JavaThread "Service Thread" daemon [_thread_blocked, id=2876, stack(0x0000000017fb0000,0x00000000180b0000)]
  0x00000000176c3000 JavaThread "C1 CompilerThread2" daemon [_thread_blocked, id=7140, stack(0x0000000017eb0000,0x0000000017fb0000)]
  0x00000000176bf000 JavaThread "C2 CompilerThread1" daemon [_thread_in_native, id=5456, stack(0x0000000017db0000,0x0000000017eb0000)]
=>0x000000001638c000 JavaThread "C2 CompilerThread0" daemon [_thread_in_native, id=2360, stack(0x0000000017cb0000,0x0000000017db0000)]
  0x000000001638a800 JavaThread "Attach Listener" daemon [_thread_blocked, id=2908, stack(0x0000000017bb0000,0x0000000017cb0000)]
  0x000000001633c000 JavaThread "Signal Dispatcher" daemon [_thread_blocked, id=2272, stack(0x0000000017ab0000,0x0000000017bb0000)]
  0x000000001631a000 JavaThread "Finalizer" daemon [_thread_blocked, id=3524, stack(0x00000000175b0000,0x00000000176b0000)]
  0x00000000029af000 JavaThread "Reference Handler" daemon [_thread_blocked, id=5960, stack(0x00000000174b0000,0x00000000175b0000)]
  0x0000000000cdd800 JavaThread "main" [_thread_blocked, id=5484, stack(0x00000000027c0000,0x00000000028c0000)]

Other Threads:
  0x00000000162f7800 VMThread [stack: 0x00000000173b0000,0x00000000174b0000] [id=6692]
  0x000000001777e800 WatcherThread [stack: 0x00000000180b0000,0x00000000181b0000] [id=3104]

VM state:not at safepoint (normal execution)

VM Mutex/Monitor currently owned by a thread: None

Heap:
 PSYoungGen      total 73728K, used 13436K [0x00000000e0000000, 0x00000000e6780000, 0x0000000100000000)
  eden space 61952K, 21% used [0x00000000e0000000,0x00000000e0d1f170,0x00000000e3c80000)
  from space 11776K, 0% used [0x00000000e3c80000,0x00000000e3c80000,0x00000000e4800000)
  to   space 12800K, 0% used [0x00000000e5b00000,0x00000000e5b00000,0x00000000e6780000)
 ParOldGen       total 65536K, used 16135K [0x00000000a0000000, 0x00000000a4000000, 0x00000000e0000000)
  object space 65536K, 24% used [0x00000000a0000000,0x00000000a0fc1ee8,0x00000000a4000000)
 Metaspace       used 34942K, capacity 35468K, committed 35712K, reserved 1079296K
  class space    used 4806K, capacity 4944K, committed 4992K, reserved 1048576K

Card table byte_map: [0x0000000011d80000,0x0000000012090000] byte_map_base: 0x0000000011880000

Marking Bits: (ParMarkBitMap*) 0x000000005be52f70
 Begin Bits: [0x0000000012690000, 0x0000000013e90000)
 End Bits:   [0x0000000013e90000, 0x0000000015690000)

Polling page: 0x0000000000cb0000

CodeCache: size=245760Kb used=10967Kb max_used=10971Kb free=234792Kb
 bounds [0x00000000029c0000, 0x0000000003480000, 0x00000000119c0000]
 total_blobs=3869 nmethods=3160 adapters=621
 compilation: enabled

Compilation events (10 events):
Event: 7.223 Thread 0x00000000176bf000 3160       4       org.objectweb.asm.ClassWriter::newUTF8 (70 bytes)
Event: 7.223 Thread 0x00000000176c3000 nmethod 3191 0x000000000347a390 code [0x000000000347a4e0, 0x000000000347a610]
Event: 7.223 Thread 0x00000000176c3000 3192       2       java.lang.invoke.MemberName::init (66 bytes)
Event: 7.224 Thread 0x00000000176c3000 nmethod 3192 0x000000000347a010 code [0x000000000347a160, 0x000000000347a2f0]
Event: 7.224 Thread 0x00000000176c3000 3193       3       java.lang.Class::asSubclass (22 bytes)
Event: 7.224 Thread 0x00000000176c3000 nmethod 3193 0x0000000003479990 code [0x0000000003479b20, 0x0000000003479ee8]
Event: 7.224 Thread 0x00000000176c3000 3194       3       java.lang.ThreadLocal$ThreadLocalMap::nextIndex (15 bytes)
Event: 7.225 Thread 0x00000000176c3000 nmethod 3194 0x0000000003479650 code [0x00000000034797a0, 0x0000000003479930]
Event: 7.225 Thread 0x00000000176c3000 3195       3       org.gradle.model.internal.registry.BindingPredicate::getState (8 bytes)
Event: 7.225 Thread 0x00000000176c3000 nmethod 3195 0x00000000034792d0 code [0x0000000003479420, 0x00000000034795b0]

GC Heap History (10 events):
Event: 4.789 GC heap before
{Heap before GC invocations=7 (full 1):
 PSYoungGen      total 36864K, used 36093K [0x00000000e0000000, 0x00000000e4100000, 0x0000000100000000)
  eden space 31744K, 100% used [0x00000000e0000000,0x00000000e1f00000,0x00000000e1f00000)
  from space 5120K, 84% used [0x00000000e1f00000,0x00000000e233f4d0,0x00000000e2400000)
  to   space 11264K, 0% used [0x00000000e3600000,0x00000000e3600000,0x00000000e4100000)
 ParOldGen       total 65536K, used 9586K [0x00000000a0000000, 0x00000000a4000000, 0x00000000e0000000)
  object space 65536K, 14% used [0x00000000a0000000,0x00000000a095cae0,0x00000000a4000000)
 Metaspace       used 26036K, capacity 26406K, committed 26624K, reserved 1073152K
  class space    used 3671K, capacity 3804K, committed 3840K, reserved 1048576K
Event: 4.802 GC heap after
Heap after GC invocations=7 (full 1):
 PSYoungGen      total 55808K, used 4370K [0x00000000e0000000, 0x00000000e4180000, 0x0000000100000000)
  eden space 44544K, 0% used [0x00000000e0000000,0x00000000e0000000,0x00000000e2b80000)
  from space 11264K, 38% used [0x00000000e3600000,0x00000000e3a44b60,0x00000000e4100000)
  to   space 10752K, 0% used [0x00000000e2b80000,0x00000000e2b80000,0x00000000e3600000)
 ParOldGen       total 65536K, used 9586K [0x00000000a0000000, 0x00000000a4000000, 0x00000000e0000000)
  object space 65536K, 14% used [0x00000000a0000000,0x00000000a095cae0,0x00000000a4000000)
 Metaspace       used 26036K, capacity 26406K, committed 26624K, reserved 1073152K
  class space    used 3671K, capacity 3804K, committed 3840K, reserved 1048576K
}
Event: 5.915 GC heap before
{Heap before GC invocations=8 (full 1):
 PSYoungGen      total 55808K, used 48914K [0x00000000e0000000, 0x00000000e4180000, 0x0000000100000000)
  eden space 44544K, 100% used [0x00000000e0000000,0x00000000e2b80000,0x00000000e2b80000)
  from space 11264K, 38% used [0x00000000e3600000,0x00000000e3a44b60,0x00000000e4100000)
  to   space 10752K, 0% used [0x00000000e2b80000,0x00000000e2b80000,0x00000000e3600000)
 ParOldGen       total 65536K, used 9586K [0x00000000a0000000, 0x00000000a4000000, 0x00000000e0000000)
  object space 65536K, 14% used [0x00000000a0000000,0x00000000a095cae0,0x00000000a4000000)
 Metaspace       used 29470K, capacity 29970K, committed 30208K, reserved 1075200K
  class space    used 4131K, capacity 4297K, committed 4352K, reserved 1048576K
Event: 5.928 GC heap after
Heap after GC invocations=8 (full 1):
 PSYoungGen      total 55296K, used 8068K [0x00000000e0000000, 0x00000000e5300000, 0x0000000100000000)
  eden space 44544K, 0% used [0x00000000e0000000,0x00000000e0000000,0x00000000e2b80000)
  from space 10752K, 75% used [0x00000000e2b80000,0x00000000e33612b0,0x00000000e3600000)
  to   space 11264K, 0% used [0x00000000e4800000,0x00000000e4800000,0x00000000e5300000)
 ParOldGen       total 65536K, used 9594K [0x00000000a0000000, 0x00000000a4000000, 0x00000000e0000000)
  object space 65536K, 14% used [0x00000000a0000000,0x00000000a095eae0,0x00000000a4000000)
 Metaspace       used 29470K, capacity 29970K, committed 30208K, reserved 1075200K
  class space    used 4131K, capacity 4297K, committed 4352K, reserved 1048576K
}
Event: 6.567 GC heap before
{Heap before GC invocations=9 (full 1):
 PSYoungGen      total 55296K, used 52612K [0x00000000e0000000, 0x00000000e5300000, 0x0000000100000000)
  eden space 44544K, 100% used [0x00000000e0000000,0x00000000e2b80000,0x00000000e2b80000)
  from space 10752K, 75% used [0x00000000e2b80000,0x00000000e33612b0,0x00000000e3600000)
  to   space 11264K, 0% used [0x00000000e4800000,0x00000000e4800000,0x00000000e5300000)
 ParOldGen       total 65536K, used 9594K [0x00000000a0000000, 0x00000000a4000000, 0x00000000e0000000)
  object space 65536K, 14% used [0x00000000a0000000,0x00000000a095eae0,0x00000000a4000000)
 Metaspace       used 32328K, capacity 32798K, committed 33152K, reserved 1077248K
  class space    used 4480K, capacity 4665K, committed 4736K, reserved 1048576K
Event: 6.583 GC heap after
Heap after GC invocations=9 (full 1):
 PSYoungGen      total 73216K, used 9138K [0x00000000e0000000, 0x00000000e5580000, 0x0000000100000000)
  eden space 61952K, 0% used [0x00000000e0000000,0x00000000e0000000,0x00000000e3c80000)
  from space 11264K, 81% used [0x00000000e4800000,0x00000000e50eca38,0x00000000e5300000)
  to   space 11776K, 0% used [0x00000000e3c80000,0x00000000e3c80000,0x00000000e4800000)
 ParOldGen       total 65536K, used 9602K [0x00000000a0000000, 0x00000000a4000000, 0x00000000e0000000)
  object space 65536K, 14% used [0x00000000a0000000,0x00000000a0960ae0,0x00000000a4000000)
 Metaspace       used 32328K, capacity 32798K, committed 33152K, reserved 1077248K
  class space    used 4480K, capacity 4665K, committed 4736K, reserved 1048576K
}
Event: 7.012 GC heap before
{Heap before GC invocations=10 (full 1):
 PSYoungGen      total 73216K, used 35936K [0x00000000e0000000, 0x00000000e5580000, 0x0000000100000000)
  eden space 61952K, 43% used [0x00000000e0000000,0x00000000e1a2b760,0x00000000e3c80000)
  from space 11264K, 81% used [0x00000000e4800000,0x00000000e50eca38,0x00000000e5300000)
  to   space 11776K, 0% used [0x00000000e3c80000,0x00000000e3c80000,0x00000000e4800000)
 ParOldGen       total 65536K, used 9602K [0x00000000a0000000, 0x00000000a4000000, 0x00000000e0000000)
  object space 65536K, 14% used [0x00000000a0000000,0x00000000a0960ae0,0x00000000a4000000)
 Metaspace       used 34855K, capacity 35314K, committed 35456K, reserved 1079296K
  class space    used 4792K, capacity 4937K, committed 4992K, reserved 1048576K
Event: 7.029 GC heap after
Heap after GC invocations=10 (full 1):
 PSYoungGen      total 73728K, used 9698K [0x00000000e0000000, 0x00000000e6780000, 0x0000000100000000)
  eden space 61952K, 0% used [0x00000000e0000000,0x00000000e0000000,0x00000000e3c80000)
  from space 11776K, 82% used [0x00000000e3c80000,0x00000000e45f8ad0,0x00000000e4800000)
  to   space 12800K, 0% used [0x00000000e5b00000,0x00000000e5b00000,0x00000000e6780000)
 ParOldGen       total 65536K, used 9610K [0x00000000a0000000, 0x00000000a4000000, 0x00000000e0000000)
  object space 65536K, 14% used [0x00000000a0000000,0x00000000a0962ae0,0x00000000a4000000)
 Metaspace       used 34855K, capacity 35314K, committed 35456K, reserved 1079296K
  class space    used 4792K, capacity 4937K, committed 4992K, reserved 1048576K
}
Event: 7.029 GC heap before
{Heap before GC invocations=11 (full 2):
 PSYoungGen      total 73728K, used 9698K [0x00000000e0000000, 0x00000000e6780000, 0x0000000100000000)
  eden space 61952K, 0% used [0x00000000e0000000,0x00000000e0000000,0x00000000e3c80000)
  from space 11776K, 82% used [0x00000000e3c80000,0x00000000e45f8ad0,0x00000000e4800000)
  to   space 12800K, 0% used [0x00000000e5b00000,0x00000000e5b00000,0x00000000e6780000)
 ParOldGen       total 65536K, used 9610K [0x00000000a0000000, 0x00000000a4000000, 0x00000000e0000000)
  object space 65536K, 14% used [0x00000000a0000000,0x00000000a0962ae0,0x00000000a4000000)
 Metaspace       used 34855K, capacity 35314K, committed 35456K, reserved 1079296K
  class space    used 4792K, capacity 4937K, committed 4992K, reserved 1048576K
Event: 7.139 GC heap after
Heap after GC invocations=11 (full 2):
 PSYoungGen      total 73728K, used 0K [0x00000000e0000000, 0x00000000e6780000, 0x0000000100000000)
  eden space 61952K, 0% used [0x00000000e0000000,0x00000000e0000000,0x00000000e3c80000)
  from space 11776K, 0% used [0x00000000e3c80000,0x00000000e3c80000,0x00000000e4800000)
  to   space 12800K, 0% used [0x00000000e5b00000,0x00000000e5b00000,0x00000000e6780000)
 ParOldGen       total 65536K, used 16135K [0x00000000a0000000, 0x00000000a4000000, 0x00000000e0000000)
  object space 65536K, 24% used [0x00000000a0000000,0x00000000a0fc1ee8,0x00000000a4000000)
 Metaspace       used 34855K, capacity 35314K, committed 35456K, reserved 1079296K
  class space    used 4792K, capacity 4937K, committed 4992K, reserved 1048576K
}

Deoptimization events (10 events):
Event: 5.752 Thread 0x0000000018fe4000 Uncommon trap: reason=bimorphic action=maybe_recompile pc=0x00000000030ec390 method=java.lang.ClassLoader.getPackage(Ljava/lang/String;)Ljava/lang/Package; @ 47
Event: 6.136 Thread 0x0000000018fe4000 Uncommon trap: reason=class_check action=maybe_recompile pc=0x00000000031a1d40 method=sun.security.provider.DigestBase.engineUpdate([BII)V @ 128
Event: 6.389 Thread 0x0000000018fe4000 Uncommon trap: reason=unstable_if action=reinterpret pc=0x00000000032043a8 method=java.util.HashMap.putVal(ILjava/lang/Object;Ljava/lang/Object;ZZ)Ljava/lang/Object; @ 162
Event: 6.390 Thread 0x0000000018fe4000 Uncommon trap: reason=unstable_if action=reinterpret pc=0x0000000002c54c94 method=java.util.HashMap.resize()[Ljava/util/HashMap$Node; @ 206
Event: 6.497 Thread 0x0000000018fe4000 Uncommon trap: reason=unstable_if action=reinterpret pc=0x000000000337a144 method=java.lang.reflect.Modifier.toString(I)Ljava/lang/String; @ 123
Event: 6.981 Thread 0x0000000018fe4000 Uncommon trap: reason=unstable_if action=reinterpret pc=0x000000000305593c method=java.lang.CharacterDataLatin1.isWhitespace(I)Z @ 14
Event: 6.985 Thread 0x0000000018fe4000 Uncommon trap: reason=predicate action=maybe_recompile pc=0x00000000031a1d28 method=sun.security.provider.DigestBase.implCompressMultiBlock([BII)I @ 5
Event: 6.986 Thread 0x0000000018fe4000 Uncommon trap: reason=class_check action=maybe_recompile pc=0x000000000316a524 method=sun.security.provider.DigestBase.implCompressMultiBlock([BII)I @ 8
Event: 7.007 Thread 0x0000000018fe4000 Uncommon trap: reason=predicate action=maybe_recompile pc=0x000000000316ac88 method=sun.security.provider.DigestBase.implCompressMultiBlock([BII)I @ 5
Event: 7.009 Thread 0x0000000018fe4000 Uncommon trap: reason=class_check action=maybe_recompile pc=0x000000000316a524 method=sun.security.provider.DigestBase.implCompressMultiBlock([BII)I @ 8

Internal exceptions (10 events):
Event: 6.920 Thread 0x0000000018fe4000 Exception <a 'java/lang/ClassNotFoundException': org/gradle/api/plugins/JavaPluginConventionBeanInfo> (0x00000000e15d1ff8) thrown at [C:\re\workspace\8-2-build-windows-amd64-cygwin\jdk8u91\7017\hotspot\src\share\vm\classfile\systemDictionary.cpp, line 210]‘Sè¶Æ@
Event: 6.921 Thread 0x0000000018fe4000 Exception <a 'java/lang/ClassNotFoundException': org/gradle/api/plugins/JavaPluginConventionCustomizer> (0x00000000e1606c50) thrown at [C:\re\workspace\8-2-build-windows-amd64-cygwin\jdk8u91\7017\hotspot\src\share\vm\classfile\systemDictionary.cpp, line 21±äû »@
Event: 7.196 Thread 0x0000000018fe4000 Exception <a 'java/lang/ClassNotFoundException': com/android/build/gradle/internal/dsl/BuildType_DecoratedBeanInfo> (0x00000000e0add640) thrown at [C:\re\workspace\8-2-build-windows-amd64-cygwin\jdk8u91\7017\hotspot\src\share\vm\classfile\systemDictionary.«ª.ı;…@
Event: 7.197 Thread 0x0000000018fe4000 Exception <a 'java/lang/ClassNotFoundException': com/android/build/gradle/internal/dsl/BuildTypeBeanInfo> (0x00000000e0aef5a0) thrown at [C:\re\workspace\8-2-build-windows-amd64-cygwin\jdk8u91\7017\hotspot\src\share\vm\classfile\systemDictionary.cpp, line ŒW6D∂…@
Event: 7.197 Thread 0x0000000018fe4000 Exception <a 'java/lang/ClassNotFoundException': com/android/builder/core/DefaultBuildTypeBeanInfo> (0x00000000e0afff70) thrown at [C:\re\workspace\8-2-build-windows-amd64-cygwin\jdk8u91\7017\hotspot\src\share\vm\classfile\systemDictionary.cpp, line 210]
Event: 7.197 Thread 0x0000000018fe4000 Exception <a 'java/lang/ClassNotFoundException': com/android/builder/internal/BaseConfigImplBeanInfo> (0x00000000e0b117b0) thrown at [C:\re\workspace\8-2-build-windows-amd64-cygwin\jdk8u91\7017\hotspot\src\share\vm\classfile\systemDictionary.cpp, line 210]•0]Àá @
Event: 7.198 Thread 0x0000000018fe4000 Exception <a 'java/lang/ClassNotFoundException': com/android/builder/internal/BaseConfigImplCustomizer> (0x00000000e0b23430) thrown at [C:\re\workspace\8-2-build-windows-amd64-cygwin\jdk8u91\7017\hotspot\src\share\vm\classfile\systemDictionary.cpp, line 21
Event: 7.199 Thread 0x0000000018fe4000 Exception <a 'java/lang/ClassNotFoundException': com/android/builder/core/DefaultBuildTypeCustomizer> (0x00000000e0b5f800) thrown at [C:\re\workspace\8-2-build-windows-amd64-cygwin\jdk8u91\7017\hotspot\src\share\vm\classfile\systemDictionary.cpp, line 210]Üq)UtÕ@
Event: 7.201 Thread 0x0000000018fe4000 Exception <a 'java/lang/ClassNotFoundException': com/android/build/gradle/internal/dsl/BuildTypeCustomizer> (0x00000000e0b8edd0) thrown at [C:\re\workspace\8-2-build-windows-amd64-cygwin\jdk8u91\7017\hotspot\src\share\vm\classfile\systemDictionary.cpp, lin¯ô{ìœ@
Event: 7.203 Thread 0x0000000018fe4000 Exception <a 'java/lang/ClassNotFoundException': com/android/build/gradle/internal/dsl/BuildType_DecoratedCustomizer> (0x00000000e0bd9488) thrown at [C:\re\workspace\8-2-build-windows-amd64-cygwin\jdk8u91\7017\hotspot\src\share\vm\classfile\systemDictionar∏„F	Æ@

Events (10 events):
Event: 7.223 loading class org/gradle/api/Action
Event: 7.223 loading class org/gradle/api/Action done
Event: 7.225 loading class com/android/build/gradle/internal/scope/AndroidTask
Event: 7.225 loading class com/android/build/gradle/internal/scope/AndroidTask done
Event: 7.226 loading class org/gradle/api/Task
Event: 7.226 loading class org/gradle/api/Task done
Event: 7.226 loading class org/gradle/api/Action
Event: 7.226 loading class org/gradle/api/Action done
Event: 7.227 loading class org/gradle/api/Task
Event: 7.227 loading class org/gradle/api/Task done


Dynamic libraries:
0x00007ff748020000 - 0x00007ff748057000 	C:\Program Files\Java\jdk1.8.0_91\bin\java.exe
0x00007ff8af490000 - 0x00007ff8af639000 	C:\Windows\SYSTEM32\ntdll.dll
0x00007ff8ad3f0000 - 0x00007ff8ad529000 	C:\Windows\system32\KERNEL32.DLL
0x00007ff8ac930000 - 0x00007ff8aca3e000 	C:\Windows\system32\KERNELBASE.dll
0x00007ff8adab0000 - 0x00007ff8adb55000 	C:\Windows\system32\ADVAPI32.dll
0x00007ff8af310000 - 0x00007ff8af481000 	C:\Windows\system32\USER32.dll
0x00007ff8aa4b0000 - 0x00007ff8aa70a000 	C:\Windows\WinSxS\amd64_microsoft.windows.common-controls_6595b64144ccf1df_6.0.9600.16384_none_62475f7becb72503\COMCTL32.dll
0x00007ff8acf60000 - 0x00007ff8ad007000 	C:\Windows\system32\msvcrt.dll
0x00007ff8acf00000 - 0x00007ff8acf57000 	C:\Windows\SYSTEM32\sechost.dll
0x00007ff8adb60000 - 0x00007ff8adc96000 	C:\Windows\system32\RPCRT4.dll
0x00007ff8ad720000 - 0x00007ff8ad865000 	C:\Windows\system32\GDI32.dll
0x00007ff8ad020000 - 0x00007ff8ad054000 	C:\Windows\system32\IMM32.DLL
0x00007ff8acd20000 - 0x00007ff8ace59000 	C:\Windows\system32\MSCTF.dll
0x000000005bee0000 - 0x000000005bfb2000 	C:\Program Files\Java\jdk1.8.0_91\jre\bin\msvcr100.dll
0x000000005b640000 - 0x000000005bed3000 	C:\Program Files\Java\jdk1.8.0_91\jre\bin\server\jvm.dll
0x00007ff8a6160000 - 0x00007ff8a6169000 	C:\Windows\SYSTEM32\WSOCK32.dll
0x00007ff8a55f0000 - 0x00007ff8a560f000 	C:\Windows\SYSTEM32\WINMM.dll
0x00007ff8ab8d0000 - 0x00007ff8ab8da000 	C:\Windows\SYSTEM32\VERSION.dll
0x00007ff8ad010000 - 0x00007ff8ad017000 	C:\Windows\system32\PSAPI.DLL
0x00007ff8ad390000 - 0x00007ff8ad3e8000 	C:\Windows\system32\WS2_32.dll
0x00007ff8a55c0000 - 0x00007ff8a55ea000 	C:\Windows\SYSTEM32\WINMMBASE.dll
0x00007ff8ad700000 - 0x00007ff8ad709000 	C:\Windows\system32\NSI.dll
0x00007ff8acaf0000 - 0x00007ff8acb3a000 	C:\Windows\SYSTEM32\cfgmgr32.dll
0x00007ff8ab620000 - 0x00007ff8ab646000 	C:\Windows\SYSTEM32\DEVOBJ.dll
0x000000005b630000 - 0x000000005b63f000 	C:\Program Files\Java\jdk1.8.0_91\jre\bin\verify.dll
0x000000005b600000 - 0x000000005b629000 	C:\Program Files\Java\jdk1.8.0_91\jre\bin\java.dll
0x000000005b5e0000 - 0x000000005b5f6000 	C:\Program Files\Java\jdk1.8.0_91\jre\bin\zip.dll
0x00007ff8add00000 - 0x00007ff8af10d000 	C:\Windows\system32\SHELL32.dll
0x00007ff8ad870000 - 0x00007ff8ada47000 	C:\Windows\SYSTEM32\combase.dll
0x00007ff8ada50000 - 0x00007ff8adaa1000 	C:\Windows\system32\SHLWAPI.dll
0x00007ff8aa990000 - 0x00007ff8aaa31000 	C:\Windows\SYSTEM32\SHCORE.dll
0x00007ff8ac810000 - 0x00007ff8ac824000 	C:\Windows\SYSTEM32\profapi.dll
0x000000005b5c0000 - 0x000000005b5da000 	C:\Program Files\Java\jdk1.8.0_91\jre\bin\net.dll
0x00007ff8ac120000 - 0x00007ff8ac178000 	C:\Windows\system32\mswsock.dll
0x000000005b5a0000 - 0x000000005b5b1000 	C:\Program Files\Java\jdk1.8.0_91\jre\bin\nio.dll
0x00007ff89c0a0000 - 0x00007ff89c0be000 	C:\Users\Administrator\.gradle\native\23\windows-amd64\native-platform.dll
0x00007ff8ac180000 - 0x00007ff8ac19e000 	C:\Windows\SYSTEM32\CRYPTSP.dll
0x00007ff8abd70000 - 0x00007ff8abda5000 	C:\Windows\system32\rsaenh.dll
0x00007ff8ac3b0000 - 0x00007ff8ac3d6000 	C:\Windows\SYSTEM32\bcrypt.dll
0x00007ff8abe80000 - 0x00007ff8abe9f000 	C:\Windows\SYSTEM32\USERENV.dll
0x00007ff8ac6f0000 - 0x00007ff8ac74e000 	C:\Windows\system32\bcryptprimitives.dll
0x00007ff8ac750000 - 0x00007ff8ac75a000 	C:\Windows\SYSTEM32\CRYPTBASE.dll
0x00007ff8ab8e0000 - 0x00007ff8ab909000 	C:\Windows\SYSTEM32\IPHLPAPI.DLL
0x00007ff8ab8c0000 - 0x00007ff8ab8ca000 	C:\Windows\SYSTEM32\WINNSI.DLL
0x00007ff8a6ae0000 - 0x00007ff8a6af4000 	C:\Windows\SYSTEM32\dhcpcsvc6.DLL
0x00007ff8a6ac0000 - 0x00007ff8a6ad9000 	C:\Windows\SYSTEM32\dhcpcsvc.DLL
0x000000005b590000 - 0x000000005b59d000 	C:\Program Files\Java\jdk1.8.0_91\jre\bin\management.dll

VM Arguments:
jvm_args: -Xmx1536m -Dfile.encoding=GBK -Duser.country=CN -Duser.language=zh -Duser.variant 
java_command: org.gradle.launcher.daemon.bootstrap.GradleDaemon 3.3
java_class_path (initial): C:\Users\Administrator\.gradle\wrapper\dists\gradle-3.3-all\55gk2rcmfc6p2dg9u9ohc3hw9\gradle-3.3\lib\gradle-launcher-3.3.jar
Launcher Type: SUN_STANDARD

Environment Variables:
JAVA_HOME=C:\Program Files\Java\jdk1.8.0_91
CLASSPATH=E:\android2p2install\workspace\TestRobust\\gradle\wrapper\gradle-wrapper.jar
PATH=C:\ProgramData\Oracle\Java\javapath;C:\Windows\system32;C:\Windows;C:\Windows\System32\Wbem;C:\Windows\System32\WindowsPowerShell\v1.0\;C:\Program Files\Java\jdk1.8.0_91\bin;C:\Program Files\Java\jdk1.8.0_91\jre\bin;E:\android2p2install\sdk\platform-tools;E:\android2p2install\sdk\tools;E:\Program Files\Git\cmd;E:\Program Files\apache-ant-1.10.1\bin;E:\Program Files\apache-ant-1.10.1\lib;E:\android2p2install\android studio\gradle\gradle-2.14.1\bin
USERNAME=Administrator
OS=Windows_NT
PROCESSOR_IDENTIFIER=Intel64 Family 6 Model 69 Stepping 1, GenuineIntel



---------------  S Y S T E M  ---------------

OS: Windows 8.1 , 64 bit Build 9600 (6.3.9600.16656)

CPU:total 4 (2 cores per cpu, 2 threads per core) family 6 model 69 stepping 1, cmov, cx8, fxsr, mmx, sse, sse2, sse3, ssse3, sse4.1, sse4.2, popcnt, avx, avx2, aes, clmul, erms, lzcnt, ht, tsc, tscinvbit, bmi1, bmi2

Memory: 4k page, physical 8122608k(1550448k free), swap 8122608k(5228k free)

vm_info: Java HotSpot(TM) 64-Bit Server VM (25.91-b15) for windows-amd64 JRE (1.8.0_91-b15), built on May 20 2016 17:43:15 by "java_re" with MS VC++ 10.0 (VS2010)

time: Thu Mar 30 00:24:13 2017
elapsed time: 7 seconds (0d 0h 0m 7s)

