#
# There is insufficient memory for the Java Runtime Environment to continue.
# Native memory allocation (malloc) failed to allocate 1841536 bytes for Chunk::new
# Possible reasons:
#   The system is out of physical RAM or swap space
#   In 32 bit mode, the process size limit was hit
# Possible solutions:
#   Reduce memory load on the system
#   Increase physical memory or swap space
#   Check if swap backing store is full
#   Use 64 bit Java on a 64 bit OS
#   Decrease Java heap size (-Xmx/-Xms)
#   Decrease number of Java threads
#   Decrease Java thread stack sizes (-Xss)
#   Set larger code cache with -XX:ReservedCodeCacheSize=
# This output file may be truncated or incomplete.
#
#  Out of Memory Error (allocation.cpp:390), pid=2580, tid=5132
#
# JRE version: Java(TM) SE Runtime Environment (8.0_91-b15) (build 1.8.0_91-b15)
# Java VM: Java HotSpot(TM) 64-Bit Server VM (25.91-b15 mixed mode windows-amd64 compressed oops)
# Failed to write core dump. Minidumps are not enabled by default on client versions of Windows
#

---------------  T H R E A D  ---------------

Current thread (0x00000000178c6800):  JavaThread "C2 CompilerThread1" daemon [_thread_in_native, id=5132, stack(0x0000000017fb0000,0x00000000180b0000)]

Stack: [0x0000000017fb0000,0x00000000180b0000]
[error occurred during error reporting (printing stack bounds), id 0xc0000005]

Native frames: (J=compiled Java code, j=interpreted, Vv=VM code, C=native code)


Current CompileTask:
C2:   7123 3105       4       groovy.lang.MetaClassImpl$1MOPIter::methodNameAction (479 bytes)


---------------  P R O C E S S  ---------------

Java Threads: ( => current thread )
  0x00000000192d3000 JavaThread "File lock request listener" [_thread_in_native, id=5928, stack(0x0000000020cb0000,0x0000000020db0000)]
  0x000000001930c000 JavaThread "Stdin handler" [_thread_blocked, id=5392, stack(0x000000001a9a0000,0x000000001aaa0000)]
  0x000000001930b800 JavaThread "Asynchronous log dispatcher for DefaultDaemonConnection: socket connection from /127.0.0.1:61130 to /127.0.0.1:61134" [_thread_blocked, id=5704, stack(0x000000001a8a0000,0x000000001a9a0000)]
  0x0000000019307800 JavaThread "Daemon worker" [_thread_in_Java, id=4388, stack(0x000000001a7a0000,0x000000001a8a0000)]
  0x0000000019311800 JavaThread "Cancel handler" [_thread_blocked, id=6872, stack(0x000000001a6a0000,0x000000001a7a0000)]
  0x0000000019141800 JavaThread "Handler for socket connection from /127.0.0.1:61130 to /127.0.0.1:61134" [_thread_in_native, id=5820, stack(0x000000001a5a0000,0x000000001a6a0000)]
  0x000000001939c800 JavaThread "Daemon" [_thread_blocked, id=5344, stack(0x000000001a4a0000,0x000000001a5a0000)]
  0x00000000196b0000 JavaThread "Incoming local TCP Connector on port 61130" [_thread_in_native, id=5268, stack(0x0000000019ec0000,0x0000000019fc0000)]
  0x000000001919c000 JavaThread "pool-1-thread-1" [_thread_blocked, id=3852, stack(0x0000000019b80000,0x0000000019c80000)]
  0x000000001794b800 JavaThread "Service Thread" daemon [_thread_blocked, id=6852, stack(0x00000000181b0000,0x00000000182b0000)]
  0x00000000178ca000 JavaThread "C1 CompilerThread2" daemon [_thread_blocked, id=3292, stack(0x00000000180b0000,0x00000000181b0000)]
=>0x00000000178c6800 JavaThread "C2 CompilerThread1" daemon [_thread_in_native, id=5132, stack(0x0000000017fb0000,0x00000000180b0000)]
  0x000000001655d800 JavaThread "C2 CompilerThread0" daemon [_thread_in_native, id=5836, stack(0x0000000017eb0000,0x0000000017fb0000)]
  0x000000001655c800 JavaThread "Attach Listener" daemon [_thread_blocked, id=5780, stack(0x0000000017db0000,0x0000000017eb0000)]
  0x000000001650c000 JavaThread "Signal Dispatcher" daemon [_thread_blocked, id=6676, stack(0x0000000017cb0000,0x0000000017db0000)]
  0x00000000164ea000 JavaThread "Finalizer" daemon [_thread_blocked, id=6740, stack(0x0000000017750000,0x0000000017850000)]
  0x0000000002b4f000 JavaThread "Reference Handler" daemon [_thread_blocked, id=4868, stack(0x0000000017650000,0x0000000017750000)]
  0x0000000002a5d800 JavaThread "main" [_thread_blocked, id=4892, stack(0x0000000002950000,0x0000000002a50000)]

Other Threads:
  0x00000000164c7800 VMThread [stack: 0x0000000017550000,0x0000000017650000] [id=5612]
  0x000000001797a800 WatcherThread [stack: 0x00000000182b0000,0x00000000183b0000] [id=2396]

VM state:not at safepoint (normal execution)

VM Mutex/Monitor currently owned by a thread: None

Heap:
 PSYoungGen      total 99840K, used 13192K [0x00000000e0000000, 0x00000000e9300000, 0x0000000100000000)
  eden space 88064K, 14% used [0x00000000e0000000,0x00000000e0ce20e8,0x00000000e5600000)
  from space 11776K, 0% used [0x00000000e5600000,0x00000000e5600000,0x00000000e6180000)
  to   space 12800K, 0% used [0x00000000e8680000,0x00000000e8680000,0x00000000e9300000)
 ParOldGen       total 101888K, used 16907K [0x00000000a0000000, 0x00000000a6380000, 0x00000000e0000000)
  object space 101888K, 16% used [0x00000000a0000000,0x00000000a1082cf8,0x00000000a6380000)
 Metaspace       used 34922K, capacity 35434K, committed 35712K, reserved 1079296K
  class space    used 4800K, capacity 4937K, committed 4992K, reserved 1048576K

Card table byte_map: [0x0000000011f30000,0x0000000012240000] byte_map_base: 0x0000000011a30000

Marking Bits: (ParMarkBitMap*) 0x000000005be52f70
 Begin Bits: [0x0000000012840000, 0x0000000014040000)
 End Bits:   [0x0000000014040000, 0x0000000015840000)

Polling page: 0x0000000000f10000

CodeCache: size=245760Kb used=10855Kb max_used=10855Kb free=234904Kb
 bounds [0x0000000002b70000, 0x0000000003610000, 0x0000000011b70000]
 total_blobs=3875 nmethods=3166 adapters=621
 compilation: enabled

Compilation events (10 events):
Event: 7.108 Thread 0x00000000178ca000 3199       3       java.lang.StringBuffer::append (6 bytes)
Event: 7.109 Thread 0x00000000178ca000 nmethod 3199 0x000000000360b010 code [0x000000000360b180, 0x000000000360b588]
Event: 7.114 Thread 0x00000000178ca000 3201       3       org.codehaus.groovy.reflection.CachedClass$3::initValue (264 bytes)
Event: 7.117 Thread 0x00000000178ca000 nmethod 3201 0x000000000360b690 code [0x000000000360ba80, 0x000000000360e1c8]
Event: 7.117 Thread 0x00000000178ca000 3202       3       org.codehaus.groovy.reflection.CachedClass::getNewMetaMethods (183 bytes)
Event: 7.119 Thread 0x00000000178ca000 nmethod 3202 0x0000000003608c10 code [0x0000000003608f20, 0x000000000360a528]
Event: 7.119 Thread 0x00000000178ca000 3203       3       groovy.lang.MetaClassImpl::getNewMetaMethods (18 bytes)
Event: 7.119 Thread 0x00000000178ca000 nmethod 3203 0x0000000003608750 code [0x00000000036088c0, 0x0000000003608b28]
Event: 7.120 Thread 0x00000000178ca000 3204       1       java.beans.WeakIdentityMap$Entry::access$100 (5 bytes)
Event: 7.120 Thread 0x00000000178ca000 nmethod 3204 0x00000000035f8990 code [0x00000000035f8ae0, 0x00000000035f8bd0]

GC Heap History (10 events):
Event: 3.437 GC heap before
{Heap before GC invocations=5 (full 1):
 PSYoungGen      total 68608K, used 5108K [0x00000000e0000000, 0x00000000e4800000, 0x0000000100000000)
  eden space 63488K, 0% used [0x00000000e0000000,0x00000000e0000000,0x00000000e3e00000)
  from space 5120K, 99% used [0x00000000e4300000,0x00000000e47fd000,0x00000000e4800000)
  to   space 5120K, 0% used [0x00000000e3e00000,0x00000000e3e00000,0x00000000e4300000)
 ParOldGen       total 84992K, used 8210K [0x00000000a0000000, 0x00000000a5300000, 0x00000000e0000000)
  object space 84992K, 9% used [0x00000000a0000000,0x00000000a0804b08,0x00000000a5300000)
 Metaspace       used 20872K, capacity 21188K, committed 21296K, reserved 1067008K
  class space    used 2805K, capacity 2926K, committed 2944K, reserved 1048576K
Event: 3.528 GC heap after
Heap after GC invocations=5 (full 1):
 PSYoungGen      total 68608K, used 0K [0x00000000e0000000, 0x00000000e4800000, 0x0000000100000000)
  eden space 63488K, 0% used [0x00000000e0000000,0x00000000e0000000,0x00000000e3e00000)
  from space 5120K, 0% used [0x00000000e4300000,0x00000000e4300000,0x00000000e4800000)
  to   space 5120K, 0% used [0x00000000e3e00000,0x00000000e3e00000,0x00000000e4300000)
 ParOldGen       total 65536K, used 9541K [0x00000000a0000000, 0x00000000a4000000, 0x00000000e0000000)
  object space 65536K, 14% used [0x00000000a0000000,0x00000000a0951428,0x00000000a4000000)
 Metaspace       used 20872K, capacity 21188K, committed 21296K, reserved 1067008K
  class space    used 2805K, capacity 2926K, committed 2944K, reserved 1048576K
}
Event: 4.728 GC heap before
{Heap before GC invocations=6 (full 1):
 PSYoungGen      total 68608K, used 63488K [0x00000000e0000000, 0x00000000e4800000, 0x0000000100000000)
  eden space 63488K, 100% used [0x00000000e0000000,0x00000000e3e00000,0x00000000e3e00000)
  from space 5120K, 0% used [0x00000000e4300000,0x00000000e4300000,0x00000000e4800000)
  to   space 5120K, 0% used [0x00000000e3e00000,0x00000000e3e00000,0x00000000e4300000)
 ParOldGen       total 65536K, used 9541K [0x00000000a0000000, 0x00000000a4000000, 0x00000000e0000000)
  object space 65536K, 14% used [0x00000000a0000000,0x00000000a0951428,0x00000000a4000000)
 Metaspace       used 26061K, capacity 26398K, committed 26624K, reserved 1073152K
  class space    used 3677K, capacity 3804K, committed 3840K, reserved 1048576K
Event: 4.746 GC heap after
Heap after GC invocations=6 (full 1):
 PSYoungGen      total 68608K, used 5090K [0x00000000e0000000, 0x00000000e6c80000, 0x0000000100000000)
  eden space 63488K, 0% used [0x00000000e0000000,0x00000000e0000000,0x00000000e3e00000)
  from space 5120K, 99% used [0x00000000e3e00000,0x00000000e42f8a38,0x00000000e4300000)
  to   space 10752K, 0% used [0x00000000e6200000,0x00000000e6200000,0x00000000e6c80000)
 ParOldGen       total 65536K, used 11730K [0x00000000a0000000, 0x00000000a4000000, 0x00000000e0000000)
  object space 65536K, 17% used [0x00000000a0000000,0x00000000a0b748a0,0x00000000a4000000)
 Metaspace       used 26061K, capacity 26398K, committed 26624K, reserved 1073152K
  class space    used 3677K, capacity 3804K, committed 3840K, reserved 1048576K
}
Event: 6.177 GC heap before
{Heap before GC invocations=7 (full 1):
 PSYoungGen      total 68608K, used 68578K [0x00000000e0000000, 0x00000000e6c80000, 0x0000000100000000)
  eden space 63488K, 100% used [0x00000000e0000000,0x00000000e3e00000,0x00000000e3e00000)
  from space 5120K, 99% used [0x00000000e3e00000,0x00000000e42f8a38,0x00000000e4300000)
  to   space 10752K, 0% used [0x00000000e6200000,0x00000000e6200000,0x00000000e6c80000)
 ParOldGen       total 65536K, used 11730K [0x00000000a0000000, 0x00000000a4000000, 0x00000000e0000000)
  object space 65536K, 17% used [0x00000000a0000000,0x00000000a0b748a0,0x00000000a4000000)
 Metaspace       used 31695K, capacity 32214K, committed 32512K, reserved 1077248K
  class space    used 4414K, capacity 4601K, committed 4608K, reserved 1048576K
Event: 6.192 GC heap after
Heap after GC invocations=7 (full 1):
 PSYoungGen      total 98816K, used 10328K [0x00000000e0000000, 0x00000000e6d00000, 0x0000000100000000)
  eden space 88064K, 0% used [0x00000000e0000000,0x00000000e0000000,0x00000000e5600000)
  from space 10752K, 96% used [0x00000000e6200000,0x00000000e6c16278,0x00000000e6c80000)
  to   space 11776K, 0% used [0x00000000e5600000,0x00000000e5600000,0x00000000e6180000)
 ParOldGen       total 65536K, used 11738K [0x00000000a0000000, 0x00000000a4000000, 0x00000000e0000000)
  object space 65536K, 17% used [0x00000000a0000000,0x00000000a0b768a0,0x00000000a4000000)
 Metaspace       used 31695K, capacity 32214K, committed 32512K, reserved 1077248K
  class space    used 4414K, capacity 4601K, committed 4608K, reserved 1048576K
}
Event: 6.923 GC heap before
{Heap before GC invocations=8 (full 1):
 PSYoungGen      total 98816K, used 63790K [0x00000000e0000000, 0x00000000e6d00000, 0x0000000100000000)
  eden space 88064K, 60% used [0x00000000e0000000,0x00000000e3435678,0x00000000e5600000)
  from space 10752K, 96% used [0x00000000e6200000,0x00000000e6c16278,0x00000000e6c80000)
  to   space 11776K, 0% used [0x00000000e5600000,0x00000000e5600000,0x00000000e6180000)
 ParOldGen       total 65536K, used 11738K [0x00000000a0000000, 0x00000000a4000000, 0x00000000e0000000)
  object space 65536K, 17% used [0x00000000a0000000,0x00000000a0b768a0,0x00000000a4000000)
 Metaspace       used 34845K, capacity 35306K, committed 35456K, reserved 1079296K
  class space    used 4788K, capacity 4937K, committed 4992K, reserved 1048576K
Event: 6.943 GC heap after
Heap after GC invocations=8 (full 1):
 PSYoungGen      total 99840K, used 10517K [0x00000000e0000000, 0x00000000e9300000, 0x0000000100000000)
  eden space 88064K, 0% used [0x00000000e0000000,0x00000000e0000000,0x00000000e5600000)
  from space 11776K, 89% used [0x00000000e5600000,0x00000000e6045478,0x00000000e6180000)
  to   space 12800K, 0% used [0x00000000e8680000,0x00000000e8680000,0x00000000e9300000)
 ParOldGen       total 65536K, used 11746K [0x00000000a0000000, 0x00000000a4000000, 0x00000000e0000000)
  object space 65536K, 17% used [0x00000000a0000000,0x00000000a0b788a0,0x00000000a4000000)
 Metaspace       used 34845K, capacity 35306K, committed 35456K, reserved 1079296K
  class space    used 4788K, capacity 4937K, committed 4992K, reserved 1048576K
}
Event: 6.943 GC heap before
{Heap before GC invocations=9 (full 2):
 PSYoungGen      total 99840K, used 10517K [0x00000000e0000000, 0x00000000e9300000, 0x0000000100000000)
  eden space 88064K, 0% used [0x00000000e0000000,0x00000000e0000000,0x00000000e5600000)
  from space 11776K, 89% used [0x00000000e5600000,0x00000000e6045478,0x00000000e6180000)
  to   space 12800K, 0% used [0x00000000e8680000,0x00000000e8680000,0x00000000e9300000)
 ParOldGen       total 65536K, used 11746K [0x00000000a0000000, 0x00000000a4000000, 0x00000000e0000000)
  object space 65536K, 17% used [0x00000000a0000000,0x00000000a0b788a0,0x00000000a4000000)
 Metaspace       used 34845K, capacity 35306K, committed 35456K, reserved 1079296K
  class space    used 4788K, capacity 4937K, committed 4992K, reserved 1048576K
Event: 7.038 GC heap after
Heap after GC invocations=9 (full 2):
 PSYoungGen      total 99840K, used 0K [0x00000000e0000000, 0x00000000e9300000, 0x0000000100000000)
  eden space 88064K, 0% used [0x00000000e0000000,0x00000000e0000000,0x00000000e5600000)
  from space 11776K, 0% used [0x00000000e5600000,0x00000000e5600000,0x00000000e6180000)
  to   space 12800K, 0% used [0x00000000e8680000,0x00000000e8680000,0x00000000e9300000)
 ParOldGen       total 101888K, used 16907K [0x00000000a0000000, 0x00000000a6380000, 0x00000000e0000000)
  object space 101888K, 16% used [0x00000000a0000000,0x00000000a1082cf8,0x00000000a6380000)
 Metaspace       used 34845K, capacity 35306K, committed 35456K, reserved 1079296K
  class space    used 4788K, capacity 4937K, committed 4992K, reserved 1048576K
}

Deoptimization events (10 events):
Event: 6.306 Thread 0x0000000019307800 Uncommon trap: reason=unstable_if action=reinterpret pc=0x00000000033a29a8 method=java.util.HashMap.putVal(ILjava/lang/Object;Ljava/lang/Object;ZZ)Ljava/lang/Object; @ 162
Event: 6.306 Thread 0x0000000019307800 Uncommon trap: reason=unstable_if action=reinterpret pc=0x0000000002dff454 method=java.util.HashMap.resize()[Ljava/util/HashMap$Node; @ 206
Event: 6.415 Thread 0x0000000019307800 Uncommon trap: reason=unstable_if action=reinterpret pc=0x0000000003518364 method=java.lang.reflect.Modifier.toString(I)Ljava/lang/String; @ 123
Event: 6.415 Thread 0x0000000019307800 Uncommon trap: reason=unstable_if action=reinterpret pc=0x0000000003500498 method=java.lang.reflect.Modifier.toString(I)Ljava/lang/String; @ 123
Event: 6.894 Thread 0x0000000019307800 Uncommon trap: reason=unstable_if action=reinterpret pc=0x000000000320efbc method=java.lang.CharacterDataLatin1.isWhitespace(I)Z @ 14
Event: 6.897 Thread 0x0000000019307800 Uncommon trap: reason=predicate action=maybe_recompile pc=0x00000000033343a8 method=sun.security.provider.DigestBase.implCompressMultiBlock([BII)I @ 5
Event: 6.920 Thread 0x0000000019307800 Uncommon trap: reason=predicate action=maybe_recompile pc=0x0000000003308948 method=sun.security.provider.DigestBase.implCompressMultiBlock([BII)I @ 5
Event: 6.921 Thread 0x0000000019307800 Uncommon trap: reason=class_check action=maybe_recompile pc=0x0000000003308ca4 method=sun.security.provider.DigestBase.implCompressMultiBlock([BII)I @ 8
Event: 6.923 Thread 0x0000000019307800 Uncommon trap: reason=class_check action=maybe_recompile pc=0x0000000003308ca4 method=sun.security.provider.DigestBase.implCompressMultiBlock([BII)I @ 8
Event: 7.049 Thread 0x0000000019307800 Uncommon trap: reason=unstable_if action=reinterpret pc=0x00000000034089ac method=java.security.CodeSource.getCertificates()[Ljava/security/cert/Certificate; @ 22

Internal exceptions (10 events):
Event: 6.771 Thread 0x0000000019307800 Exception <a 'java/lang/ClassNotFoundException': com/android/build/gradle/internal/api/DefaultAndroidSourceSetCustomizer> (0x00000000e2bcca00) thrown at [C:\re\workspace\8-2-build-windows-amd64-cygwin\jdk8u91\7017\hotspot\src\share\vm\classfile\systemDictiÉµÓË@
Event: 6.772 Thread 0x0000000019307800 Exception <a 'java/lang/ClassNotFoundException': com/android/build/gradle/internal/api/DefaultAndroidSourceSet_DecoratedCustomizer> (0x00000000e2c22488) thrown at [C:\re\workspace\8-2-build-windows-amd64-cygwin\jdk8u91\7017\hotspot\src\share\vm\classfile\s
Event: 6.831 Thread 0x0000000019307800 Exception <a 'java/lang/ClassNotFoundException': org/gradle/api/plugins/BasePluginConventionBeanInfo> (0x00000000e2efe828) thrown at [C:\re\workspace\8-2-build-windows-amd64-cygwin\jdk8u91\7017\hotspot\src\share\vm\classfile\systemDictionary.cpp, line 210]B·~CÔS@
Event: 6.832 Thread 0x0000000019307800 Exception <a 'java/lang/ClassNotFoundException': org/gradle/api/plugins/BasePluginConventionCustomizer> (0x00000000e2f33480) thrown at [C:\re\workspace\8-2-build-windows-amd64-cygwin\jdk8u91\7017\hotspot\src\share\vm\classfile\systemDictionary.cpp, line 21≠cfçŸX@
Event: 6.837 Thread 0x0000000019307800 Exception <a 'java/lang/ClassNotFoundException': org/gradle/api/plugins/JavaPluginConventionBeanInfo> (0x00000000e2fa93c8) thrown at [C:\re\workspace\8-2-build-windows-amd64-cygwin\jdk8u91\7017\hotspot\src\share\vm\classfile\systemDictionary.cpp, line 210]Ûûÿ¨Y@
Event: 6.838 Thread 0x0000000019307800 Exception <a 'java/lang/ClassNotFoundException': org/gradle/api/plugins/JavaPluginConventionCustomizer> (0x00000000e2fde020) thrown at [C:\re\workspace\8-2-build-windows-amd64-cygwin\jdk8u91\7017\hotspot\src\share\vm\classfile\systemDictionary.cpp, line 21)=Ô¥\z@
Event: 7.119 Thread 0x0000000019307800 Exception <a 'java/lang/ClassNotFoundException': com/android/build/gradle/internal/dsl/BuildType_DecoratedBeanInfo> (0x00000000e0b18b38) thrown at [C:\re\workspace\8-2-build-windows-amd64-cygwin\jdk8u91\7017\hotspot\src\share\vm\classfile\systemDictionary.‹-X‡Ïz@
Event: 7.120 Thread 0x0000000019307800 Exception <a 'java/lang/ClassNotFoundException': com/android/build/gradle/internal/dsl/BuildTypeBeanInfo> (0x00000000e0b2aa98) thrown at [C:\re\workspace\8-2-build-windows-amd64-cygwin\jdk8u91\7017\hotspot\src\share\vm\classfile\systemDictionary.cpp, line "ÿ{Î“{@
Event: 7.121 Thread 0x0000000019307800 Exception <a 'java/lang/ClassNotFoundException': com/android/builder/core/DefaultBuildTypeBeanInfo> (0x00000000e0b3b468) thrown at [C:\re\workspace\8-2-build-windows-amd64-cygwin\jdk8u91\7017\hotspot\src\share\vm\classfile\systemDictionary.cpp, line 210]
Event: 7.121 Thread 0x0000000019307800 Exception <a 'java/lang/ClassNotFoundException': com/android/builder/internal/BaseConfigImplBeanInfo> (0x00000000e0b4cca8) thrown at [C:\re\workspace\8-2-build-windows-amd64-cygwin\jdk8u91\7017\hotspot\src\share\vm\classfile\systemDictionary.cpp, line 210]®%ö

Events (10 events):
Event: 7.120 loading class com/android/builder/core/DefaultBuildTypeBeanInfo
Event: 7.120 loading class com/android/builder/core/DefaultBuildTypeBeanInfo done
Event: 7.121 loading class com/android/builder/core/DefaultBuildTypeBeanInfo
Event: 7.121 loading class com/android/builder/core/DefaultBuildTypeBeanInfo done
Event: 7.121 loading class com/android/builder/internal/BaseConfigImplBeanInfo
Event: 7.121 loading class com/android/builder/internal/BaseConfigImplBeanInfo done
Event: 7.121 loading class com/android/builder/internal/BaseConfigImplBeanInfo
Event: 7.121 loading class com/android/builder/internal/BaseConfigImplBeanInfo done
Event: 7.121 loading class com/android/builder/internal/BaseConfigImplCustomizer
Event: 7.121 loading class com/android/builder/internal/BaseConfigImplCustomizer done


Dynamic libraries:
0x00007ff748020000 - 0x00007ff748057000 	C:\Program Files\Java\jdk1.8.0_91\bin\java.exe
0x00007ff8af490000 - 0x00007ff8af639000 	C:\Windows\SYSTEM32\ntdll.dll
0x00007ff8ad3f0000 - 0x00007ff8ad529000 	C:\Windows\system32\KERNEL32.DLL
0x00007ff8ac930000 - 0x00007ff8aca3e000 	C:\Windows\system32\KERNELBASE.dll
0x00007ff8adab0000 - 0x00007ff8adb55000 	C:\Windows\system32\ADVAPI32.dll
0x00007ff8af310000 - 0x00007ff8af481000 	C:\Windows\system32\USER32.dll
0x00007ff8aa4b0000 - 0x00007ff8aa70a000 	C:\Windows\WinSxS\amd64_microsoft.windows.common-controls_6595b64144ccf1df_6.0.9600.16384_none_62475f7becb72503\COMCTL32.dll
0x00007ff8acf60000 - 0x00007ff8ad007000 	C:\Windows\system32\msvcrt.dll
0x00007ff8acf00000 - 0x00007ff8acf57000 	C:\Windows\SYSTEM32\sechost.dll
0x00007ff8adb60000 - 0x00007ff8adc96000 	C:\Windows\system32\RPCRT4.dll
0x00007ff8ad720000 - 0x00007ff8ad865000 	C:\Windows\system32\GDI32.dll
0x00007ff8ad020000 - 0x00007ff8ad054000 	C:\Windows\system32\IMM32.DLL
0x00007ff8acd20000 - 0x00007ff8ace59000 	C:\Windows\system32\MSCTF.dll
0x000000005bee0000 - 0x000000005bfb2000 	C:\Program Files\Java\jdk1.8.0_91\jre\bin\msvcr100.dll
0x000000005b640000 - 0x000000005bed3000 	C:\Program Files\Java\jdk1.8.0_91\jre\bin\server\jvm.dll
0x00007ff8a6160000 - 0x00007ff8a6169000 	C:\Windows\SYSTEM32\WSOCK32.dll
0x00007ff8a55f0000 - 0x00007ff8a560f000 	C:\Windows\SYSTEM32\WINMM.dll
0x00007ff8ab8d0000 - 0x00007ff8ab8da000 	C:\Windows\SYSTEM32\VERSION.dll
0x00007ff8ad010000 - 0x00007ff8ad017000 	C:\Windows\system32\PSAPI.DLL
0x00007ff8ad390000 - 0x00007ff8ad3e8000 	C:\Windows\system32\WS2_32.dll
0x00007ff8a55c0000 - 0x00007ff8a55ea000 	C:\Windows\SYSTEM32\WINMMBASE.dll
0x00007ff8ad700000 - 0x00007ff8ad709000 	C:\Windows\system32\NSI.dll
0x00007ff8acaf0000 - 0x00007ff8acb3a000 	C:\Windows\SYSTEM32\cfgmgr32.dll
0x00007ff8ab620000 - 0x00007ff8ab646000 	C:\Windows\SYSTEM32\DEVOBJ.dll
0x000000005b630000 - 0x000000005b63f000 	C:\Program Files\Java\jdk1.8.0_91\jre\bin\verify.dll
0x000000005b600000 - 0x000000005b629000 	C:\Program Files\Java\jdk1.8.0_91\jre\bin\java.dll
0x000000005b5e0000 - 0x000000005b5f6000 	C:\Program Files\Java\jdk1.8.0_91\jre\bin\zip.dll
0x00007ff8add00000 - 0x00007ff8af10d000 	C:\Windows\system32\SHELL32.dll
0x00007ff8ad870000 - 0x00007ff8ada47000 	C:\Windows\SYSTEM32\combase.dll
0x00007ff8ada50000 - 0x00007ff8adaa1000 	C:\Windows\system32\SHLWAPI.dll
0x00007ff8aa990000 - 0x00007ff8aaa31000 	C:\Windows\SYSTEM32\SHCORE.dll
0x00007ff8ac810000 - 0x00007ff8ac824000 	C:\Windows\SYSTEM32\profapi.dll
0x000000005b5c0000 - 0x000000005b5da000 	C:\Program Files\Java\jdk1.8.0_91\jre\bin\net.dll
0x00007ff8ac120000 - 0x00007ff8ac178000 	C:\Windows\system32\mswsock.dll
0x000000005b5a0000 - 0x000000005b5b1000 	C:\Program Files\Java\jdk1.8.0_91\jre\bin\nio.dll
0x00007ff89c0a0000 - 0x00007ff89c0be000 	C:\Users\Administrator\.gradle\native\23\windows-amd64\native-platform.dll
0x00007ff8ac180000 - 0x00007ff8ac19e000 	C:\Windows\SYSTEM32\CRYPTSP.dll
0x00007ff8abd70000 - 0x00007ff8abda5000 	C:\Windows\system32\rsaenh.dll
0x00007ff8ac3b0000 - 0x00007ff8ac3d6000 	C:\Windows\SYSTEM32\bcrypt.dll
0x00007ff8abe80000 - 0x00007ff8abe9f000 	C:\Windows\SYSTEM32\USERENV.dll
0x00007ff8ac6f0000 - 0x00007ff8ac74e000 	C:\Windows\system32\bcryptprimitives.dll
0x00007ff8ac750000 - 0x00007ff8ac75a000 	C:\Windows\SYSTEM32\CRYPTBASE.dll
0x00007ff8ab8e0000 - 0x00007ff8ab909000 	C:\Windows\SYSTEM32\IPHLPAPI.DLL
0x00007ff8ab8c0000 - 0x00007ff8ab8ca000 	C:\Windows\SYSTEM32\WINNSI.DLL
0x00007ff8a6ae0000 - 0x00007ff8a6af4000 	C:\Windows\SYSTEM32\dhcpcsvc6.DLL
0x00007ff8a6ac0000 - 0x00007ff8a6ad9000 	C:\Windows\SYSTEM32\dhcpcsvc.DLL
0x000000005b590000 - 0x000000005b59d000 	C:\Program Files\Java\jdk1.8.0_91\jre\bin\management.dll

VM Arguments:
jvm_args: -Xmx1536m -Dfile.encoding=GBK -Duser.country=CN -Duser.language=zh -Duser.variant 
java_command: org.gradle.launcher.daemon.bootstrap.GradleDaemon 3.3
java_class_path (initial): C:\Users\Administrator\.gradle\wrapper\dists\gradle-3.3-all\55gk2rcmfc6p2dg9u9ohc3hw9\gradle-3.3\lib\gradle-launcher-3.3.jar
Launcher Type: SUN_STANDARD

Environment Variables:
JAVA_HOME=C:\Program Files\Java\jdk1.8.0_91
CLASSPATH=E:\android2p2install\workspace\TestRobust\\gradle\wrapper\gradle-wrapper.jar
PATH=C:\ProgramData\Oracle\Java\javapath;C:\Windows\system32;C:\Windows;C:\Windows\System32\Wbem;C:\Windows\System32\WindowsPowerShell\v1.0\;C:\Program Files\Java\jdk1.8.0_91\bin;C:\Program Files\Java\jdk1.8.0_91\jre\bin;E:\android2p2install\sdk\platform-tools;E:\android2p2install\sdk\tools;E:\Program Files\Git\cmd;E:\Program Files\apache-ant-1.10.1\bin;E:\Program Files\apache-ant-1.10.1\lib;E:\android2p2install\android studio\gradle\gradle-2.14.1\bin
USERNAME=Administrator
OS=Windows_NT
PROCESSOR_IDENTIFIER=Intel64 Family 6 Model 69 Stepping 1, GenuineIntel



---------------  S Y S T E M  ---------------

OS: Windows 8.1 , 64 bit Build 9600 (6.3.9600.16656)

CPU:total 4 (2 cores per cpu, 2 threads per core) family 6 model 69 stepping 1, cmov, cx8, fxsr, mmx, sse, sse2, sse3, ssse3, sse4.1, sse4.2, popcnt, avx, avx2, aes, clmul, erms, lzcnt, ht, tsc, tscinvbit, bmi1, bmi2

Memory: 4k page, physical 8122608k(1630812k free), swap 8122608k(5912k free)

vm_info: Java HotSpot(TM) 64-Bit Server VM (25.91-b15) for windows-amd64 JRE (1.8.0_91-b15), built on May 20 2016 17:43:15 by "java_re" with MS VC++ 10.0 (VS2010)

time: Thu Mar 30 00:25:56 2017
elapsed time: 7 seconds (0d 0h 0m 7s)

